<?xml version="1.0" encoding="UTF-8"?>
<!-- Generated by org.testng.reporters.JUnitReportReporter -->
<testsuite hostname="MacBook-Pro-Munisa.local" failures="0" tests="1" name="org.BuyPageTests" time="111.700" errors="0" timestamp="2023-02-16T22:40:38 UZT" skipped="0">
  <testcase classname="org.BuyPageTests" name="BuyPageTestsRun" time="111.700"/>
  <system-out/>
</testsuite> <!-- org.BuyPageTests -->
